<?xml version="1.0" encoding="UTF-8"?>
<!-- Generated by org.testng.reporters.JUnitReportReporter -->
<testsuite skipped="0" hostname="DESKTOP-VVM8OTS" name="Test.Screen.hybde" tests="1" failures="0" timestamp="19 Nov 2019 09:05:09 GMT" time="29.984" errors="0">
  <testcase name="Browser" time="29.984" classname="Test.Screen.hybde"/>
</testsuite> <!-- Test.Screen.hybde -->
