<?xml version="1.0" encoding="UTF-8"?>
<!-- Generated by org.testng.reporters.JUnitReportReporter -->
<testsuite skipped="0" hostname="DESKTOP-VVM8OTS" name="Test.Screen.Appiumstartstop" tests="1" failures="0" timestamp="20 Nov 2019 05:30:25 GMT" time="3.849" errors="0">
  <testcase name="appiumStart" time="3.849" classname="Test.Screen.Appiumstartstop"/>
</testsuite> <!-- Test.Screen.Appiumstartstop -->
