<?xml version="1.0" encoding="UTF-8"?>
<!-- Generated by org.testng.reporters.JUnitReportReporter -->
<testsuite skipped="0" hostname="DESKTOP-VVM8OTS" name="Test.Screen.Hybrid_Home_Screen" tests="1" failures="0" timestamp="20 Nov 2019 10:27:19 GMT" time="152.895" errors="0">
  <testcase name="verifyAddition" time="152.895" classname="Test.Screen.Hybrid_Home_Screen"/>
</testsuite> <!-- Test.Screen.Hybrid_Home_Screen -->
