<?xml version="1.0" encoding="UTF-8"?>
<!-- Generated by org.testng.reporters.JUnitReportReporter -->
<testsuite skipped="0" hostname="DESKTOP-VVM8OTS" name="Test.Screen.hybid" tests="1" failures="0" timestamp="19 Nov 2019 09:41:52 GMT" time="23.541" errors="0">
  <testcase name="start" time="23.541" classname="Test.Screen.hybid"/>
</testsuite> <!-- Test.Screen.hybid -->
