<?xml version="1.0" encoding="UTF-8"?>
<!-- Generated by org.testng.reporters.JUnitReportReporter -->
<testsuite skipped="0" hostname="DESKTOP-VVM8OTS" name="Utils.Toast" tests="1" failures="0" timestamp="22 Nov 2019 06:51:04 GMT" time="22.516" errors="0">
  <testcase name="Browser" time="22.516" classname="Utils.Toast"/>
</testsuite> <!-- Utils.Toast -->
